2025-12-22 12:37:00,738 - app.main - INFO - Starting RTLS Backend...
2025-12-22 12:37:12,259 - app.main - INFO - Starting RTLS Backend...
2025-12-22 12:37:37,631 - app.main - INFO - Starting RTLS Backend...
2025-12-22 12:37:40,597 - app.main - INFO - Starting RTLS Backend...
2025-12-22 12:37:40,628 - app.main - INFO - Database tables verified
2025-12-22 12:37:40,629 - app.main - INFO - Background tasks started
2025-12-22 12:37:40,629 - app.services.missing_person_detector - INFO - Missing person detector started (threshold: 300s, interval: 30s)
2025-12-22 12:44:58,837 - app.main - INFO - Starting RTLS Backend...
2025-12-22 12:44:58,857 - app.main - INFO - Database tables verified
2025-12-22 12:44:58,857 - app.main - INFO - Background tasks started
2025-12-22 12:44:58,858 - app.services.missing_person_detector - INFO - Missing person detector started (threshold: 300s, interval: 30s)
2025-12-22 12:51:43,977 - app.main - INFO - Shutting down RTLS Backend...
2025-12-22 12:51:43,978 - app.main - INFO - Shutdown complete
2025-12-22 12:51:45,659 - app.main - INFO - Starting RTLS Backend...
2025-12-22 12:51:45,681 - app.main - INFO - Database tables verified
2025-12-22 12:51:45,681 - app.main - INFO - Background tasks started
2025-12-22 12:51:45,682 - app.services.missing_person_detector - INFO - Missing person detector started (threshold: 300s, interval: 30s)
2025-12-22 12:51:46,607 - app.main - INFO - Shutting down RTLS Backend...
2025-12-22 12:51:46,608 - app.main - INFO - Shutdown complete
2025-12-22 12:51:48,115 - app.main - INFO - Starting RTLS Backend...
2025-12-22 12:51:48,136 - app.main - INFO - Database tables verified
2025-12-22 12:51:48,136 - app.main - INFO - Background tasks started
2025-12-22 12:51:48,137 - app.services.missing_person_detector - INFO - Missing person detector started (threshold: 300s, interval: 30s)
2025-12-22 12:51:50,266 - app.main - INFO - Shutting down RTLS Backend...
2025-12-22 12:51:50,267 - app.main - INFO - Shutdown complete
2025-12-22 12:51:51,755 - app.main - INFO - Starting RTLS Backend...
2025-12-22 12:51:51,773 - app.main - INFO - Database tables verified
2025-12-22 12:51:51,773 - app.main - INFO - Background tasks started
2025-12-22 12:51:51,773 - app.services.missing_person_detector - INFO - Missing person detector started (threshold: 300s, interval: 30s)
2025-12-22 12:51:53,912 - app.main - INFO - Shutting down RTLS Backend...
2025-12-22 12:51:53,912 - app.main - INFO - Shutdown complete
2025-12-22 12:51:55,138 - app.main - INFO - Starting RTLS Backend...
2025-12-22 12:51:55,157 - app.main - INFO - Database tables verified
2025-12-22 12:51:55,157 - app.main - INFO - Background tasks started
2025-12-22 12:51:55,157 - app.services.missing_person_detector - INFO - Missing person detector started (threshold: 300s, interval: 30s)
2025-12-22 12:52:17,151 - app.main - INFO - Shutting down RTLS Backend...
2025-12-22 12:52:17,152 - app.main - INFO - Shutdown complete
2025-12-22 12:52:18,601 - app.main - INFO - Starting RTLS Backend...
2025-12-22 12:52:18,630 - app.main - INFO - Database tables verified
2025-12-22 12:52:18,631 - app.main - INFO - Background tasks started
2025-12-22 12:52:18,631 - app.services.missing_person_detector - INFO - Missing person detector started (threshold: 300s, interval: 30s)
2025-12-22 12:52:18,637 - app.services.missing_person_detector - ERROR - Error in missing person detection: When initializing mapper Mapper[Organization(organizations)], expression 'Staff' failed to locate a name ('Staff'). If this is a class name, consider adding this relationship() to the <class 'app.models.organization.Organization'> class after both dependent classes have been defined.
Traceback (most recent call last):
  File "/home/qss/Documents/common/RTLS_1/backend/venv/lib/python3.12/site-packages/sqlalchemy/orm/clsregistry.py", line 515, in _resolve_name
    rval = d[token]
           ~^^^^^^^
  File "/home/qss/Documents/common/RTLS_1/backend/venv/lib/python3.12/site-packages/sqlalchemy/util/_collections.py", line 346, in __missing__
    self[key] = val = self.creator(key)
                      ^^^^^^^^^^^^^^^^^
  File "/home/qss/Documents/common/RTLS_1/backend/venv/lib/python3.12/site-packages/sqlalchemy/orm/clsregistry.py", line 483, in _access_cls
    return self.fallback[key]
           ~~~~~~~~~~~~~^^^^^
KeyError: 'Staff'

The above exception was the direct cause of the following exception:

Traceback (most recent call last):
  File "/home/qss/Documents/common/RTLS_1/backend/app/services/missing_person_detector.py", line 44, in run
    await self._check_missing_persons(db)
  File "/home/qss/Documents/common/RTLS_1/backend/app/services/missing_person_detector.py", line 61, in _check_missing_persons
    active_tags = db.query(Tag).filter(Tag.status == TagStatus.active).all()
                  ^^^^^^^^^^^^^
  File "/home/qss/Documents/common/RTLS_1/backend/venv/lib/python3.12/site-packages/sqlalchemy/orm/session.py", line 2912, in query
    return self._query_cls(entities, self, **kwargs)
           ^^^^^^^^^^^^^^^^^^^^^^^^^^^^^^^^^^^^^^^^^
  File "/home/qss/Documents/common/RTLS_1/backend/venv/lib/python3.12/site-packages/sqlalchemy/orm/query.py", line 276, in __init__
    self._set_entities(entities)
  File "/home/qss/Documents/common/RTLS_1/backend/venv/lib/python3.12/site-packages/sqlalchemy/orm/query.py", line 289, in _set_entities
    coercions.expect(
  File "/home/qss/Documents/common/RTLS_1/backend/venv/lib/python3.12/site-packages/sqlalchemy/sql/coercions.py", line 406, in expect
    insp._post_inspect
  File "/home/qss/Documents/common/RTLS_1/backend/venv/lib/python3.12/site-packages/sqlalchemy/util/langhelpers.py", line 1260, in __get__
    obj.__dict__[self.__name__] = result = self.fget(obj)
                                           ^^^^^^^^^^^^^^
  File "/home/qss/Documents/common/RTLS_1/backend/venv/lib/python3.12/site-packages/sqlalchemy/orm/mapper.py", line 2707, in _post_inspect
    self._check_configure()
  File "/home/qss/Documents/common/RTLS_1/backend/venv/lib/python3.12/site-packages/sqlalchemy/orm/mapper.py", line 2386, in _check_configure
    _configure_registries({self.registry}, cascade=True)
  File "/home/qss/Documents/common/RTLS_1/backend/venv/lib/python3.12/site-packages/sqlalchemy/orm/mapper.py", line 4199, in _configure_registries
    _do_configure_registries(registries, cascade)
  File "/home/qss/Documents/common/RTLS_1/backend/venv/lib/python3.12/site-packages/sqlalchemy/orm/mapper.py", line 4240, in _do_configure_registries
    mapper._post_configure_properties()
  File "/home/qss/Documents/common/RTLS_1/backend/venv/lib/python3.12/site-packages/sqlalchemy/orm/mapper.py", line 2403, in _post_configure_properties
    prop.init()
  File "/home/qss/Documents/common/RTLS_1/backend/venv/lib/python3.12/site-packages/sqlalchemy/orm/interfaces.py", line 579, in init
    self.do_init()
  File "/home/qss/Documents/common/RTLS_1/backend/venv/lib/python3.12/site-packages/sqlalchemy/orm/relationships.py", line 1638, in do_init
    self._setup_entity()
  File "/home/qss/Documents/common/RTLS_1/backend/venv/lib/python3.12/site-packages/sqlalchemy/orm/relationships.py", line 1852, in _setup_entity
    self._clsregistry_resolve_name(argument)(),
    ^^^^^^^^^^^^^^^^^^^^^^^^^^^^^^^^^^^^^^^^^^
  File "/home/qss/Documents/common/RTLS_1/backend/venv/lib/python3.12/site-packages/sqlalchemy/orm/clsregistry.py", line 519, in _resolve_name
    self._raise_for_name(name, err)
  File "/home/qss/Documents/common/RTLS_1/backend/venv/lib/python3.12/site-packages/sqlalchemy/orm/clsregistry.py", line 500, in _raise_for_name
    raise exc.InvalidRequestError(
sqlalchemy.exc.InvalidRequestError: When initializing mapper Mapper[Organization(organizations)], expression 'Staff' failed to locate a name ('Staff'). If this is a class name, consider adding this relationship() to the <class 'app.models.organization.Organization'> class after both dependent classes have been defined.
2025-12-22 12:52:48,648 - app.services.missing_person_detector - ERROR - Error in missing person detection: One or more mappers failed to initialize - can't proceed with initialization of other mappers. Triggering mapper: 'Mapper[Organization(organizations)]'. Original exception was: When initializing mapper Mapper[Organization(organizations)], expression 'Staff' failed to locate a name ('Staff'). If this is a class name, consider adding this relationship() to the <class 'app.models.organization.Organization'> class after both dependent classes have been defined.
Traceback (most recent call last):
  File "/home/qss/Documents/common/RTLS_1/backend/app/services/missing_person_detector.py", line 44, in run
    await self._check_missing_persons(db)
  File "/home/qss/Documents/common/RTLS_1/backend/app/services/missing_person_detector.py", line 61, in _check_missing_persons
    active_tags = db.query(Tag).filter(Tag.status == TagStatus.active).all()
                  ^^^^^^^^^^^^^
  File "/home/qss/Documents/common/RTLS_1/backend/venv/lib/python3.12/site-packages/sqlalchemy/orm/session.py", line 2912, in query
    return self._query_cls(entities, self, **kwargs)
           ^^^^^^^^^^^^^^^^^^^^^^^^^^^^^^^^^^^^^^^^^
  File "/home/qss/Documents/common/RTLS_1/backend/venv/lib/python3.12/site-packages/sqlalchemy/orm/query.py", line 276, in __init__
    self._set_entities(entities)
  File "/home/qss/Documents/common/RTLS_1/backend/venv/lib/python3.12/site-packages/sqlalchemy/orm/query.py", line 289, in _set_entities
    coercions.expect(
  File "/home/qss/Documents/common/RTLS_1/backend/venv/lib/python3.12/site-packages/sqlalchemy/sql/coercions.py", line 406, in expect
    insp._post_inspect
  File "/home/qss/Documents/common/RTLS_1/backend/venv/lib/python3.12/site-packages/sqlalchemy/util/langhelpers.py", line 1260, in __get__
    obj.__dict__[self.__name__] = result = self.fget(obj)
                                           ^^^^^^^^^^^^^^
  File "/home/qss/Documents/common/RTLS_1/backend/venv/lib/python3.12/site-packages/sqlalchemy/orm/mapper.py", line 2707, in _post_inspect
    self._check_configure()
  File "/home/qss/Documents/common/RTLS_1/backend/venv/lib/python3.12/site-packages/sqlalchemy/orm/mapper.py", line 2386, in _check_configure
    _configure_registries({self.registry}, cascade=True)
  File "/home/qss/Documents/common/RTLS_1/backend/venv/lib/python3.12/site-packages/sqlalchemy/orm/mapper.py", line 4199, in _configure_registries
    _do_configure_registries(registries, cascade)
  File "/home/qss/Documents/common/RTLS_1/backend/venv/lib/python3.12/site-packages/sqlalchemy/orm/mapper.py", line 4236, in _do_configure_registries
    raise e
sqlalchemy.exc.InvalidRequestError: One or more mappers failed to initialize - can't proceed with initialization of other mappers. Triggering mapper: 'Mapper[Organization(organizations)]'. Original exception was: When initializing mapper Mapper[Organization(organizations)], expression 'Staff' failed to locate a name ('Staff'). If this is a class name, consider adding this relationship() to the <class 'app.models.organization.Organization'> class after both dependent classes have been defined.
2025-12-22 12:53:15,919 - app.main - INFO - Shutting down RTLS Backend...
2025-12-22 12:53:15,919 - app.main - INFO - Shutdown complete
2025-12-22 12:53:17,139 - app.main - INFO - Starting RTLS Backend...
2025-12-22 12:53:17,175 - app.main - INFO - Database tables verified
2025-12-22 12:53:17,175 - app.main - INFO - Background tasks started
2025-12-22 12:53:17,175 - app.services.missing_person_detector - INFO - Missing person detector started (threshold: 300s, interval: 30s)
2025-12-22 12:53:17,185 - app.services.missing_person_detector - ERROR - Error in missing person detection: When initializing mapper Mapper[Organization(organizations)], expression 'Staff' failed to locate a name ('Staff'). If this is a class name, consider adding this relationship() to the <class 'app.models.organization.Organization'> class after both dependent classes have been defined.
Traceback (most recent call last):
  File "/home/qss/Documents/common/RTLS_1/backend/venv/lib/python3.12/site-packages/sqlalchemy/orm/clsregistry.py", line 515, in _resolve_name
    rval = d[token]
           ~^^^^^^^
  File "/home/qss/Documents/common/RTLS_1/backend/venv/lib/python3.12/site-packages/sqlalchemy/util/_collections.py", line 346, in __missing__
    self[key] = val = self.creator(key)
                      ^^^^^^^^^^^^^^^^^
  File "/home/qss/Documents/common/RTLS_1/backend/venv/lib/python3.12/site-packages/sqlalchemy/orm/clsregistry.py", line 483, in _access_cls
    return self.fallback[key]
           ~~~~~~~~~~~~~^^^^^
KeyError: 'Staff'

The above exception was the direct cause of the following exception:

Traceback (most recent call last):
  File "/home/qss/Documents/common/RTLS_1/backend/app/services/missing_person_detector.py", line 44, in run
    await self._check_missing_persons(db)
  File "/home/qss/Documents/common/RTLS_1/backend/app/services/missing_person_detector.py", line 61, in _check_missing_persons
    active_tags = db.query(Tag).filter(Tag.status == TagStatus.active).all()
                  ^^^^^^^^^^^^^
  File "/home/qss/Documents/common/RTLS_1/backend/venv/lib/python3.12/site-packages/sqlalchemy/orm/session.py", line 2912, in query
    return self._query_cls(entities, self, **kwargs)
           ^^^^^^^^^^^^^^^^^^^^^^^^^^^^^^^^^^^^^^^^^
  File "/home/qss/Documents/common/RTLS_1/backend/venv/lib/python3.12/site-packages/sqlalchemy/orm/query.py", line 276, in __init__
    self._set_entities(entities)
  File "/home/qss/Documents/common/RTLS_1/backend/venv/lib/python3.12/site-packages/sqlalchemy/orm/query.py", line 289, in _set_entities
    coercions.expect(
  File "/home/qss/Documents/common/RTLS_1/backend/venv/lib/python3.12/site-packages/sqlalchemy/sql/coercions.py", line 406, in expect
    insp._post_inspect
  File "/home/qss/Documents/common/RTLS_1/backend/venv/lib/python3.12/site-packages/sqlalchemy/util/langhelpers.py", line 1260, in __get__
    obj.__dict__[self.__name__] = result = self.fget(obj)
                                           ^^^^^^^^^^^^^^
  File "/home/qss/Documents/common/RTLS_1/backend/venv/lib/python3.12/site-packages/sqlalchemy/orm/mapper.py", line 2707, in _post_inspect
    self._check_configure()
  File "/home/qss/Documents/common/RTLS_1/backend/venv/lib/python3.12/site-packages/sqlalchemy/orm/mapper.py", line 2386, in _check_configure
    _configure_registries({self.registry}, cascade=True)
  File "/home/qss/Documents/common/RTLS_1/backend/venv/lib/python3.12/site-packages/sqlalchemy/orm/mapper.py", line 4199, in _configure_registries
    _do_configure_registries(registries, cascade)
  File "/home/qss/Documents/common/RTLS_1/backend/venv/lib/python3.12/site-packages/sqlalchemy/orm/mapper.py", line 4240, in _do_configure_registries
    mapper._post_configure_properties()
  File "/home/qss/Documents/common/RTLS_1/backend/venv/lib/python3.12/site-packages/sqlalchemy/orm/mapper.py", line 2403, in _post_configure_properties
    prop.init()
  File "/home/qss/Documents/common/RTLS_1/backend/venv/lib/python3.12/site-packages/sqlalchemy/orm/interfaces.py", line 579, in init
    self.do_init()
  File "/home/qss/Documents/common/RTLS_1/backend/venv/lib/python3.12/site-packages/sqlalchemy/orm/relationships.py", line 1638, in do_init
    self._setup_entity()
  File "/home/qss/Documents/common/RTLS_1/backend/venv/lib/python3.12/site-packages/sqlalchemy/orm/relationships.py", line 1852, in _setup_entity
    self._clsregistry_resolve_name(argument)(),
    ^^^^^^^^^^^^^^^^^^^^^^^^^^^^^^^^^^^^^^^^^^
  File "/home/qss/Documents/common/RTLS_1/backend/venv/lib/python3.12/site-packages/sqlalchemy/orm/clsregistry.py", line 519, in _resolve_name
    self._raise_for_name(name, err)
  File "/home/qss/Documents/common/RTLS_1/backend/venv/lib/python3.12/site-packages/sqlalchemy/orm/clsregistry.py", line 500, in _raise_for_name
    raise exc.InvalidRequestError(
sqlalchemy.exc.InvalidRequestError: When initializing mapper Mapper[Organization(organizations)], expression 'Staff' failed to locate a name ('Staff'). If this is a class name, consider adding this relationship() to the <class 'app.models.organization.Organization'> class after both dependent classes have been defined.
2025-12-22 12:53:47,082 - app.main - INFO - Shutting down RTLS Backend...
2025-12-22 12:53:47,082 - app.main - INFO - Shutdown complete
2025-12-22 12:53:48,504 - app.main - INFO - Starting RTLS Backend...
2025-12-22 12:53:48,525 - app.main - INFO - Database tables verified
2025-12-22 12:53:48,525 - app.main - INFO - Background tasks started
2025-12-22 12:53:48,525 - app.services.missing_person_detector - INFO - Missing person detector started (threshold: 300s, interval: 30s)
2025-12-22 12:53:48,531 - app.services.missing_person_detector - ERROR - Error in missing person detection: When initializing mapper Mapper[Organization(organizations)], expression 'Staff' failed to locate a name ('Staff'). If this is a class name, consider adding this relationship() to the <class 'app.models.organization.Organization'> class after both dependent classes have been defined.
Traceback (most recent call last):
  File "/home/qss/Documents/common/RTLS_1/backend/venv/lib/python3.12/site-packages/sqlalchemy/orm/clsregistry.py", line 515, in _resolve_name
    rval = d[token]
           ~^^^^^^^
  File "/home/qss/Documents/common/RTLS_1/backend/venv/lib/python3.12/site-packages/sqlalchemy/util/_collections.py", line 346, in __missing__
    self[key] = val = self.creator(key)
                      ^^^^^^^^^^^^^^^^^
  File "/home/qss/Documents/common/RTLS_1/backend/venv/lib/python3.12/site-packages/sqlalchemy/orm/clsregistry.py", line 483, in _access_cls
    return self.fallback[key]
           ~~~~~~~~~~~~~^^^^^
KeyError: 'Staff'

The above exception was the direct cause of the following exception:

Traceback (most recent call last):
  File "/home/qss/Documents/common/RTLS_1/backend/app/services/missing_person_detector.py", line 44, in run
    await self._check_missing_persons(db)
  File "/home/qss/Documents/common/RTLS_1/backend/app/services/missing_person_detector.py", line 61, in _check_missing_persons
    active_tags = db.query(Tag).filter(Tag.status == TagStatus.active).all()
                  ^^^^^^^^^^^^^
  File "/home/qss/Documents/common/RTLS_1/backend/venv/lib/python3.12/site-packages/sqlalchemy/orm/session.py", line 2912, in query
    return self._query_cls(entities, self, **kwargs)
           ^^^^^^^^^^^^^^^^^^^^^^^^^^^^^^^^^^^^^^^^^
  File "/home/qss/Documents/common/RTLS_1/backend/venv/lib/python3.12/site-packages/sqlalchemy/orm/query.py", line 276, in __init__
    self._set_entities(entities)
  File "/home/qss/Documents/common/RTLS_1/backend/venv/lib/python3.12/site-packages/sqlalchemy/orm/query.py", line 289, in _set_entities
    coercions.expect(
  File "/home/qss/Documents/common/RTLS_1/backend/venv/lib/python3.12/site-packages/sqlalchemy/sql/coercions.py", line 406, in expect
    insp._post_inspect
  File "/home/qss/Documents/common/RTLS_1/backend/venv/lib/python3.12/site-packages/sqlalchemy/util/langhelpers.py", line 1260, in __get__
    obj.__dict__[self.__name__] = result = self.fget(obj)
                                           ^^^^^^^^^^^^^^
  File "/home/qss/Documents/common/RTLS_1/backend/venv/lib/python3.12/site-packages/sqlalchemy/orm/mapper.py", line 2707, in _post_inspect
    self._check_configure()
  File "/home/qss/Documents/common/RTLS_1/backend/venv/lib/python3.12/site-packages/sqlalchemy/orm/mapper.py", line 2386, in _check_configure
    _configure_registries({self.registry}, cascade=True)
  File "/home/qss/Documents/common/RTLS_1/backend/venv/lib/python3.12/site-packages/sqlalchemy/orm/mapper.py", line 4199, in _configure_registries
    _do_configure_registries(registries, cascade)
  File "/home/qss/Documents/common/RTLS_1/backend/venv/lib/python3.12/site-packages/sqlalchemy/orm/mapper.py", line 4240, in _do_configure_registries
    mapper._post_configure_properties()
  File "/home/qss/Documents/common/RTLS_1/backend/venv/lib/python3.12/site-packages/sqlalchemy/orm/mapper.py", line 2403, in _post_configure_properties
    prop.init()
  File "/home/qss/Documents/common/RTLS_1/backend/venv/lib/python3.12/site-packages/sqlalchemy/orm/interfaces.py", line 579, in init
    self.do_init()
  File "/home/qss/Documents/common/RTLS_1/backend/venv/lib/python3.12/site-packages/sqlalchemy/orm/relationships.py", line 1638, in do_init
    self._setup_entity()
  File "/home/qss/Documents/common/RTLS_1/backend/venv/lib/python3.12/site-packages/sqlalchemy/orm/relationships.py", line 1852, in _setup_entity
    self._clsregistry_resolve_name(argument)(),
    ^^^^^^^^^^^^^^^^^^^^^^^^^^^^^^^^^^^^^^^^^^
  File "/home/qss/Documents/common/RTLS_1/backend/venv/lib/python3.12/site-packages/sqlalchemy/orm/clsregistry.py", line 519, in _resolve_name
    self._raise_for_name(name, err)
  File "/home/qss/Documents/common/RTLS_1/backend/venv/lib/python3.12/site-packages/sqlalchemy/orm/clsregistry.py", line 500, in _raise_for_name
    raise exc.InvalidRequestError(
sqlalchemy.exc.InvalidRequestError: When initializing mapper Mapper[Organization(organizations)], expression 'Staff' failed to locate a name ('Staff'). If this is a class name, consider adding this relationship() to the <class 'app.models.organization.Organization'> class after both dependent classes have been defined.
2025-12-22 12:54:13,312 - app.main - INFO - Shutting down RTLS Backend...
2025-12-22 12:54:13,312 - app.main - INFO - Shutdown complete
2025-12-22 12:54:14,757 - app.main - INFO - Starting RTLS Backend...
2025-12-22 12:54:14,775 - app.main - INFO - Database tables verified
2025-12-22 12:54:14,775 - app.main - INFO - Background tasks started
2025-12-22 12:54:14,776 - app.services.missing_person_detector - INFO - Missing person detector started (threshold: 300s, interval: 30s)
2025-12-22 12:54:14,781 - app.services.missing_person_detector - ERROR - Error in missing person detection: When initializing mapper Mapper[Organization(organizations)], expression 'Staff' failed to locate a name ('Staff'). If this is a class name, consider adding this relationship() to the <class 'app.models.organization.Organization'> class after both dependent classes have been defined.
Traceback (most recent call last):
  File "/home/qss/Documents/common/RTLS_1/backend/venv/lib/python3.12/site-packages/sqlalchemy/orm/clsregistry.py", line 515, in _resolve_name
    rval = d[token]
           ~^^^^^^^
  File "/home/qss/Documents/common/RTLS_1/backend/venv/lib/python3.12/site-packages/sqlalchemy/util/_collections.py", line 346, in __missing__
    self[key] = val = self.creator(key)
                      ^^^^^^^^^^^^^^^^^
  File "/home/qss/Documents/common/RTLS_1/backend/venv/lib/python3.12/site-packages/sqlalchemy/orm/clsregistry.py", line 483, in _access_cls
    return self.fallback[key]
           ~~~~~~~~~~~~~^^^^^
KeyError: 'Staff'

The above exception was the direct cause of the following exception:

Traceback (most recent call last):
  File "/home/qss/Documents/common/RTLS_1/backend/app/services/missing_person_detector.py", line 44, in run
    await self._check_missing_persons(db)
  File "/home/qss/Documents/common/RTLS_1/backend/app/services/missing_person_detector.py", line 61, in _check_missing_persons
    active_tags = db.query(Tag).filter(Tag.status == TagStatus.active).all()
                  ^^^^^^^^^^^^^
  File "/home/qss/Documents/common/RTLS_1/backend/venv/lib/python3.12/site-packages/sqlalchemy/orm/session.py", line 2912, in query
    return self._query_cls(entities, self, **kwargs)
           ^^^^^^^^^^^^^^^^^^^^^^^^^^^^^^^^^^^^^^^^^
  File "/home/qss/Documents/common/RTLS_1/backend/venv/lib/python3.12/site-packages/sqlalchemy/orm/query.py", line 276, in __init__
    self._set_entities(entities)
  File "/home/qss/Documents/common/RTLS_1/backend/venv/lib/python3.12/site-packages/sqlalchemy/orm/query.py", line 289, in _set_entities
    coercions.expect(
  File "/home/qss/Documents/common/RTLS_1/backend/venv/lib/python3.12/site-packages/sqlalchemy/sql/coercions.py", line 406, in expect
    insp._post_inspect
  File "/home/qss/Documents/common/RTLS_1/backend/venv/lib/python3.12/site-packages/sqlalchemy/util/langhelpers.py", line 1260, in __get__
    obj.__dict__[self.__name__] = result = self.fget(obj)
                                           ^^^^^^^^^^^^^^
  File "/home/qss/Documents/common/RTLS_1/backend/venv/lib/python3.12/site-packages/sqlalchemy/orm/mapper.py", line 2707, in _post_inspect
    self._check_configure()
  File "/home/qss/Documents/common/RTLS_1/backend/venv/lib/python3.12/site-packages/sqlalchemy/orm/mapper.py", line 2386, in _check_configure
    _configure_registries({self.registry}, cascade=True)
  File "/home/qss/Documents/common/RTLS_1/backend/venv/lib/python3.12/site-packages/sqlalchemy/orm/mapper.py", line 4199, in _configure_registries
    _do_configure_registries(registries, cascade)
  File "/home/qss/Documents/common/RTLS_1/backend/venv/lib/python3.12/site-packages/sqlalchemy/orm/mapper.py", line 4240, in _do_configure_registries
    mapper._post_configure_properties()
  File "/home/qss/Documents/common/RTLS_1/backend/venv/lib/python3.12/site-packages/sqlalchemy/orm/mapper.py", line 2403, in _post_configure_properties
    prop.init()
  File "/home/qss/Documents/common/RTLS_1/backend/venv/lib/python3.12/site-packages/sqlalchemy/orm/interfaces.py", line 579, in init
    self.do_init()
  File "/home/qss/Documents/common/RTLS_1/backend/venv/lib/python3.12/site-packages/sqlalchemy/orm/relationships.py", line 1638, in do_init
    self._setup_entity()
  File "/home/qss/Documents/common/RTLS_1/backend/venv/lib/python3.12/site-packages/sqlalchemy/orm/relationships.py", line 1852, in _setup_entity
    self._clsregistry_resolve_name(argument)(),
    ^^^^^^^^^^^^^^^^^^^^^^^^^^^^^^^^^^^^^^^^^^
  File "/home/qss/Documents/common/RTLS_1/backend/venv/lib/python3.12/site-packages/sqlalchemy/orm/clsregistry.py", line 519, in _resolve_name
    self._raise_for_name(name, err)
  File "/home/qss/Documents/common/RTLS_1/backend/venv/lib/python3.12/site-packages/sqlalchemy/orm/clsregistry.py", line 500, in _raise_for_name
    raise exc.InvalidRequestError(
sqlalchemy.exc.InvalidRequestError: When initializing mapper Mapper[Organization(organizations)], expression 'Staff' failed to locate a name ('Staff'). If this is a class name, consider adding this relationship() to the <class 'app.models.organization.Organization'> class after both dependent classes have been defined.
2025-12-22 12:54:44,784 - app.services.missing_person_detector - ERROR - Error in missing person detection: One or more mappers failed to initialize - can't proceed with initialization of other mappers. Triggering mapper: 'Mapper[Organization(organizations)]'. Original exception was: When initializing mapper Mapper[Organization(organizations)], expression 'Staff' failed to locate a name ('Staff'). If this is a class name, consider adding this relationship() to the <class 'app.models.organization.Organization'> class after both dependent classes have been defined.
Traceback (most recent call last):
  File "/home/qss/Documents/common/RTLS_1/backend/app/services/missing_person_detector.py", line 44, in run
    await self._check_missing_persons(db)
  File "/home/qss/Documents/common/RTLS_1/backend/app/services/missing_person_detector.py", line 61, in _check_missing_persons
    active_tags = db.query(Tag).filter(Tag.status == TagStatus.active).all()
                  ^^^^^^^^^^^^^
  File "/home/qss/Documents/common/RTLS_1/backend/venv/lib/python3.12/site-packages/sqlalchemy/orm/session.py", line 2912, in query
    return self._query_cls(entities, self, **kwargs)
           ^^^^^^^^^^^^^^^^^^^^^^^^^^^^^^^^^^^^^^^^^
  File "/home/qss/Documents/common/RTLS_1/backend/venv/lib/python3.12/site-packages/sqlalchemy/orm/query.py", line 276, in __init__
    self._set_entities(entities)
  File "/home/qss/Documents/common/RTLS_1/backend/venv/lib/python3.12/site-packages/sqlalchemy/orm/query.py", line 289, in _set_entities
    coercions.expect(
  File "/home/qss/Documents/common/RTLS_1/backend/venv/lib/python3.12/site-packages/sqlalchemy/sql/coercions.py", line 406, in expect
    insp._post_inspect
  File "/home/qss/Documents/common/RTLS_1/backend/venv/lib/python3.12/site-packages/sqlalchemy/util/langhelpers.py", line 1260, in __get__
    obj.__dict__[self.__name__] = result = self.fget(obj)
                                           ^^^^^^^^^^^^^^
  File "/home/qss/Documents/common/RTLS_1/backend/venv/lib/python3.12/site-packages/sqlalchemy/orm/mapper.py", line 2707, in _post_inspect
    self._check_configure()
  File "/home/qss/Documents/common/RTLS_1/backend/venv/lib/python3.12/site-packages/sqlalchemy/orm/mapper.py", line 2386, in _check_configure
    _configure_registries({self.registry}, cascade=True)
  File "/home/qss/Documents/common/RTLS_1/backend/venv/lib/python3.12/site-packages/sqlalchemy/orm/mapper.py", line 4199, in _configure_registries
    _do_configure_registries(registries, cascade)
  File "/home/qss/Documents/common/RTLS_1/backend/venv/lib/python3.12/site-packages/sqlalchemy/orm/mapper.py", line 4236, in _do_configure_registries
    raise e
sqlalchemy.exc.InvalidRequestError: One or more mappers failed to initialize - can't proceed with initialization of other mappers. Triggering mapper: 'Mapper[Organization(organizations)]'. Original exception was: When initializing mapper Mapper[Organization(organizations)], expression 'Staff' failed to locate a name ('Staff'). If this is a class name, consider adding this relationship() to the <class 'app.models.organization.Organization'> class after both dependent classes have been defined.
2025-12-22 12:54:58,908 - app.main - INFO - Shutting down RTLS Backend...
2025-12-22 12:54:58,908 - app.main - INFO - Shutdown complete
2025-12-22 12:55:00,382 - app.main - INFO - Starting RTLS Backend...
2025-12-22 12:55:00,403 - app.main - INFO - Database tables verified
2025-12-22 12:55:00,403 - app.main - INFO - Background tasks started
2025-12-22 12:55:00,403 - app.services.missing_person_detector - INFO - Missing person detector started (threshold: 300s, interval: 30s)
2025-12-22 12:55:00,409 - app.services.missing_person_detector - ERROR - Error in missing person detection: When initializing mapper Mapper[Organization(organizations)], expression 'Staff' failed to locate a name ('Staff'). If this is a class name, consider adding this relationship() to the <class 'app.models.organization.Organization'> class after both dependent classes have been defined.
Traceback (most recent call last):
  File "/home/qss/Documents/common/RTLS_1/backend/venv/lib/python3.12/site-packages/sqlalchemy/orm/clsregistry.py", line 515, in _resolve_name
    rval = d[token]
           ~^^^^^^^
  File "/home/qss/Documents/common/RTLS_1/backend/venv/lib/python3.12/site-packages/sqlalchemy/util/_collections.py", line 346, in __missing__
    self[key] = val = self.creator(key)
                      ^^^^^^^^^^^^^^^^^
  File "/home/qss/Documents/common/RTLS_1/backend/venv/lib/python3.12/site-packages/sqlalchemy/orm/clsregistry.py", line 483, in _access_cls
    return self.fallback[key]
           ~~~~~~~~~~~~~^^^^^
KeyError: 'Staff'

The above exception was the direct cause of the following exception:

Traceback (most recent call last):
  File "/home/qss/Documents/common/RTLS_1/backend/app/services/missing_person_detector.py", line 44, in run
    await self._check_missing_persons(db)
  File "/home/qss/Documents/common/RTLS_1/backend/app/services/missing_person_detector.py", line 61, in _check_missing_persons
    active_tags = db.query(Tag).filter(Tag.status == TagStatus.active).all()
                  ^^^^^^^^^^^^^
  File "/home/qss/Documents/common/RTLS_1/backend/venv/lib/python3.12/site-packages/sqlalchemy/orm/session.py", line 2912, in query
    return self._query_cls(entities, self, **kwargs)
           ^^^^^^^^^^^^^^^^^^^^^^^^^^^^^^^^^^^^^^^^^
  File "/home/qss/Documents/common/RTLS_1/backend/venv/lib/python3.12/site-packages/sqlalchemy/orm/query.py", line 276, in __init__
    self._set_entities(entities)
  File "/home/qss/Documents/common/RTLS_1/backend/venv/lib/python3.12/site-packages/sqlalchemy/orm/query.py", line 289, in _set_entities
    coercions.expect(
  File "/home/qss/Documents/common/RTLS_1/backend/venv/lib/python3.12/site-packages/sqlalchemy/sql/coercions.py", line 406, in expect
    insp._post_inspect
  File "/home/qss/Documents/common/RTLS_1/backend/venv/lib/python3.12/site-packages/sqlalchemy/util/langhelpers.py", line 1260, in __get__
    obj.__dict__[self.__name__] = result = self.fget(obj)
                                           ^^^^^^^^^^^^^^
  File "/home/qss/Documents/common/RTLS_1/backend/venv/lib/python3.12/site-packages/sqlalchemy/orm/mapper.py", line 2707, in _post_inspect
    self._check_configure()
  File "/home/qss/Documents/common/RTLS_1/backend/venv/lib/python3.12/site-packages/sqlalchemy/orm/mapper.py", line 2386, in _check_configure
    _configure_registries({self.registry}, cascade=True)
  File "/home/qss/Documents/common/RTLS_1/backend/venv/lib/python3.12/site-packages/sqlalchemy/orm/mapper.py", line 4199, in _configure_registries
    _do_configure_registries(registries, cascade)
  File "/home/qss/Documents/common/RTLS_1/backend/venv/lib/python3.12/site-packages/sqlalchemy/orm/mapper.py", line 4240, in _do_configure_registries
    mapper._post_configure_properties()
  File "/home/qss/Documents/common/RTLS_1/backend/venv/lib/python3.12/site-packages/sqlalchemy/orm/mapper.py", line 2403, in _post_configure_properties
    prop.init()
  File "/home/qss/Documents/common/RTLS_1/backend/venv/lib/python3.12/site-packages/sqlalchemy/orm/interfaces.py", line 579, in init
    self.do_init()
  File "/home/qss/Documents/common/RTLS_1/backend/venv/lib/python3.12/site-packages/sqlalchemy/orm/relationships.py", line 1638, in do_init
    self._setup_entity()
  File "/home/qss/Documents/common/RTLS_1/backend/venv/lib/python3.12/site-packages/sqlalchemy/orm/relationships.py", line 1852, in _setup_entity
    self._clsregistry_resolve_name(argument)(),
    ^^^^^^^^^^^^^^^^^^^^^^^^^^^^^^^^^^^^^^^^^^
  File "/home/qss/Documents/common/RTLS_1/backend/venv/lib/python3.12/site-packages/sqlalchemy/orm/clsregistry.py", line 519, in _resolve_name
    self._raise_for_name(name, err)
  File "/home/qss/Documents/common/RTLS_1/backend/venv/lib/python3.12/site-packages/sqlalchemy/orm/clsregistry.py", line 500, in _raise_for_name
    raise exc.InvalidRequestError(
sqlalchemy.exc.InvalidRequestError: When initializing mapper Mapper[Organization(organizations)], expression 'Staff' failed to locate a name ('Staff'). If this is a class name, consider adding this relationship() to the <class 'app.models.organization.Organization'> class after both dependent classes have been defined.
2025-12-22 12:55:02,217 - app.main - INFO - Shutting down RTLS Backend...
2025-12-22 12:55:02,218 - app.main - INFO - Shutdown complete
2025-12-22 12:55:03,656 - app.main - INFO - Starting RTLS Backend...
2025-12-22 12:55:03,678 - app.main - INFO - Database tables verified
2025-12-22 12:55:03,678 - app.main - INFO - Background tasks started
2025-12-22 12:55:03,678 - app.services.missing_person_detector - INFO - Missing person detector started (threshold: 300s, interval: 30s)
2025-12-22 12:55:03,684 - app.services.missing_person_detector - ERROR - Error in missing person detection: When initializing mapper Mapper[Organization(organizations)], expression 'Staff' failed to locate a name ('Staff'). If this is a class name, consider adding this relationship() to the <class 'app.models.organization.Organization'> class after both dependent classes have been defined.
Traceback (most recent call last):
  File "/home/qss/Documents/common/RTLS_1/backend/venv/lib/python3.12/site-packages/sqlalchemy/orm/clsregistry.py", line 515, in _resolve_name
    rval = d[token]
           ~^^^^^^^
  File "/home/qss/Documents/common/RTLS_1/backend/venv/lib/python3.12/site-packages/sqlalchemy/util/_collections.py", line 346, in __missing__
    self[key] = val = self.creator(key)
                      ^^^^^^^^^^^^^^^^^
  File "/home/qss/Documents/common/RTLS_1/backend/venv/lib/python3.12/site-packages/sqlalchemy/orm/clsregistry.py", line 483, in _access_cls
    return self.fallback[key]
           ~~~~~~~~~~~~~^^^^^
KeyError: 'Staff'

The above exception was the direct cause of the following exception:

Traceback (most recent call last):
  File "/home/qss/Documents/common/RTLS_1/backend/app/services/missing_person_detector.py", line 44, in run
    await self._check_missing_persons(db)
  File "/home/qss/Documents/common/RTLS_1/backend/app/services/missing_person_detector.py", line 61, in _check_missing_persons
    active_tags = db.query(Tag).filter(Tag.status == TagStatus.active).all()
                  ^^^^^^^^^^^^^
  File "/home/qss/Documents/common/RTLS_1/backend/venv/lib/python3.12/site-packages/sqlalchemy/orm/session.py", line 2912, in query
    return self._query_cls(entities, self, **kwargs)
           ^^^^^^^^^^^^^^^^^^^^^^^^^^^^^^^^^^^^^^^^^
  File "/home/qss/Documents/common/RTLS_1/backend/venv/lib/python3.12/site-packages/sqlalchemy/orm/query.py", line 276, in __init__
    self._set_entities(entities)
  File "/home/qss/Documents/common/RTLS_1/backend/venv/lib/python3.12/site-packages/sqlalchemy/orm/query.py", line 289, in _set_entities
    coercions.expect(
  File "/home/qss/Documents/common/RTLS_1/backend/venv/lib/python3.12/site-packages/sqlalchemy/sql/coercions.py", line 406, in expect
    insp._post_inspect
  File "/home/qss/Documents/common/RTLS_1/backend/venv/lib/python3.12/site-packages/sqlalchemy/util/langhelpers.py", line 1260, in __get__
    obj.__dict__[self.__name__] = result = self.fget(obj)
                                           ^^^^^^^^^^^^^^
  File "/home/qss/Documents/common/RTLS_1/backend/venv/lib/python3.12/site-packages/sqlalchemy/orm/mapper.py", line 2707, in _post_inspect
    self._check_configure()
  File "/home/qss/Documents/common/RTLS_1/backend/venv/lib/python3.12/site-packages/sqlalchemy/orm/mapper.py", line 2386, in _check_configure
    _configure_registries({self.registry}, cascade=True)
  File "/home/qss/Documents/common/RTLS_1/backend/venv/lib/python3.12/site-packages/sqlalchemy/orm/mapper.py", line 4199, in _configure_registries
    _do_configure_registries(registries, cascade)
  File "/home/qss/Documents/common/RTLS_1/backend/venv/lib/python3.12/site-packages/sqlalchemy/orm/mapper.py", line 4240, in _do_configure_registries
    mapper._post_configure_properties()
  File "/home/qss/Documents/common/RTLS_1/backend/venv/lib/python3.12/site-packages/sqlalchemy/orm/mapper.py", line 2403, in _post_configure_properties
    prop.init()
  File "/home/qss/Documents/common/RTLS_1/backend/venv/lib/python3.12/site-packages/sqlalchemy/orm/interfaces.py", line 579, in init
    self.do_init()
  File "/home/qss/Documents/common/RTLS_1/backend/venv/lib/python3.12/site-packages/sqlalchemy/orm/relationships.py", line 1638, in do_init
    self._setup_entity()
  File "/home/qss/Documents/common/RTLS_1/backend/venv/lib/python3.12/site-packages/sqlalchemy/orm/relationships.py", line 1852, in _setup_entity
    self._clsregistry_resolve_name(argument)(),
    ^^^^^^^^^^^^^^^^^^^^^^^^^^^^^^^^^^^^^^^^^^
  File "/home/qss/Documents/common/RTLS_1/backend/venv/lib/python3.12/site-packages/sqlalchemy/orm/clsregistry.py", line 519, in _resolve_name
    self._raise_for_name(name, err)
  File "/home/qss/Documents/common/RTLS_1/backend/venv/lib/python3.12/site-packages/sqlalchemy/orm/clsregistry.py", line 500, in _raise_for_name
    raise exc.InvalidRequestError(
sqlalchemy.exc.InvalidRequestError: When initializing mapper Mapper[Organization(organizations)], expression 'Staff' failed to locate a name ('Staff'). If this is a class name, consider adding this relationship() to the <class 'app.models.organization.Organization'> class after both dependent classes have been defined.
2025-12-22 12:55:05,092 - app.main - INFO - Shutting down RTLS Backend...
2025-12-22 12:55:05,093 - app.main - INFO - Shutdown complete
2025-12-22 12:55:06,444 - app.main - INFO - Starting RTLS Backend...
2025-12-22 12:55:06,464 - app.main - INFO - Database tables verified
2025-12-22 12:55:06,464 - app.main - INFO - Background tasks started
2025-12-22 12:55:06,464 - app.services.missing_person_detector - INFO - Missing person detector started (threshold: 300s, interval: 30s)
2025-12-22 12:55:06,470 - app.services.missing_person_detector - ERROR - Error in missing person detection: When initializing mapper Mapper[Organization(organizations)], expression 'Staff' failed to locate a name ('Staff'). If this is a class name, consider adding this relationship() to the <class 'app.models.organization.Organization'> class after both dependent classes have been defined.
Traceback (most recent call last):
  File "/home/qss/Documents/common/RTLS_1/backend/venv/lib/python3.12/site-packages/sqlalchemy/orm/clsregistry.py", line 515, in _resolve_name
    rval = d[token]
           ~^^^^^^^
  File "/home/qss/Documents/common/RTLS_1/backend/venv/lib/python3.12/site-packages/sqlalchemy/util/_collections.py", line 346, in __missing__
    self[key] = val = self.creator(key)
                      ^^^^^^^^^^^^^^^^^
  File "/home/qss/Documents/common/RTLS_1/backend/venv/lib/python3.12/site-packages/sqlalchemy/orm/clsregistry.py", line 483, in _access_cls
    return self.fallback[key]
           ~~~~~~~~~~~~~^^^^^
KeyError: 'Staff'

The above exception was the direct cause of the following exception:

Traceback (most recent call last):
  File "/home/qss/Documents/common/RTLS_1/backend/app/services/missing_person_detector.py", line 44, in run
    await self._check_missing_persons(db)
  File "/home/qss/Documents/common/RTLS_1/backend/app/services/missing_person_detector.py", line 61, in _check_missing_persons
    active_tags = db.query(Tag).filter(Tag.status == TagStatus.active).all()
                  ^^^^^^^^^^^^^
  File "/home/qss/Documents/common/RTLS_1/backend/venv/lib/python3.12/site-packages/sqlalchemy/orm/session.py", line 2912, in query
    return self._query_cls(entities, self, **kwargs)
           ^^^^^^^^^^^^^^^^^^^^^^^^^^^^^^^^^^^^^^^^^
  File "/home/qss/Documents/common/RTLS_1/backend/venv/lib/python3.12/site-packages/sqlalchemy/orm/query.py", line 276, in __init__
    self._set_entities(entities)
  File "/home/qss/Documents/common/RTLS_1/backend/venv/lib/python3.12/site-packages/sqlalchemy/orm/query.py", line 289, in _set_entities
    coercions.expect(
  File "/home/qss/Documents/common/RTLS_1/backend/venv/lib/python3.12/site-packages/sqlalchemy/sql/coercions.py", line 406, in expect
    insp._post_inspect
  File "/home/qss/Documents/common/RTLS_1/backend/venv/lib/python3.12/site-packages/sqlalchemy/util/langhelpers.py", line 1260, in __get__
    obj.__dict__[self.__name__] = result = self.fget(obj)
                                           ^^^^^^^^^^^^^^
  File "/home/qss/Documents/common/RTLS_1/backend/venv/lib/python3.12/site-packages/sqlalchemy/orm/mapper.py", line 2707, in _post_inspect
    self._check_configure()
  File "/home/qss/Documents/common/RTLS_1/backend/venv/lib/python3.12/site-packages/sqlalchemy/orm/mapper.py", line 2386, in _check_configure
    _configure_registries({self.registry}, cascade=True)
  File "/home/qss/Documents/common/RTLS_1/backend/venv/lib/python3.12/site-packages/sqlalchemy/orm/mapper.py", line 4199, in _configure_registries
    _do_configure_registries(registries, cascade)
  File "/home/qss/Documents/common/RTLS_1/backend/venv/lib/python3.12/site-packages/sqlalchemy/orm/mapper.py", line 4240, in _do_configure_registries
    mapper._post_configure_properties()
  File "/home/qss/Documents/common/RTLS_1/backend/venv/lib/python3.12/site-packages/sqlalchemy/orm/mapper.py", line 2403, in _post_configure_properties
    prop.init()
  File "/home/qss/Documents/common/RTLS_1/backend/venv/lib/python3.12/site-packages/sqlalchemy/orm/interfaces.py", line 579, in init
    self.do_init()
  File "/home/qss/Documents/common/RTLS_1/backend/venv/lib/python3.12/site-packages/sqlalchemy/orm/relationships.py", line 1638, in do_init
    self._setup_entity()
  File "/home/qss/Documents/common/RTLS_1/backend/venv/lib/python3.12/site-packages/sqlalchemy/orm/relationships.py", line 1852, in _setup_entity
    self._clsregistry_resolve_name(argument)(),
    ^^^^^^^^^^^^^^^^^^^^^^^^^^^^^^^^^^^^^^^^^^
  File "/home/qss/Documents/common/RTLS_1/backend/venv/lib/python3.12/site-packages/sqlalchemy/orm/clsregistry.py", line 519, in _resolve_name
    self._raise_for_name(name, err)
  File "/home/qss/Documents/common/RTLS_1/backend/venv/lib/python3.12/site-packages/sqlalchemy/orm/clsregistry.py", line 500, in _raise_for_name
    raise exc.InvalidRequestError(
sqlalchemy.exc.InvalidRequestError: When initializing mapper Mapper[Organization(organizations)], expression 'Staff' failed to locate a name ('Staff'). If this is a class name, consider adding this relationship() to the <class 'app.models.organization.Organization'> class after both dependent classes have been defined.
2025-12-22 12:55:09,786 - app.main - INFO - Shutting down RTLS Backend...
2025-12-22 12:55:09,786 - app.main - INFO - Shutdown complete
2025-12-22 12:55:11,164 - app.main - INFO - Starting RTLS Backend...
2025-12-22 12:55:11,191 - app.main - INFO - Database tables verified
2025-12-22 12:55:11,192 - app.main - INFO - Background tasks started
2025-12-22 12:55:11,192 - app.services.missing_person_detector - INFO - Missing person detector started (threshold: 300s, interval: 30s)
2025-12-22 12:55:11,199 - app.services.missing_person_detector - ERROR - Error in missing person detection: When initializing mapper Mapper[Organization(organizations)], expression 'Staff' failed to locate a name ('Staff'). If this is a class name, consider adding this relationship() to the <class 'app.models.organization.Organization'> class after both dependent classes have been defined.
Traceback (most recent call last):
  File "/home/qss/Documents/common/RTLS_1/backend/venv/lib/python3.12/site-packages/sqlalchemy/orm/clsregistry.py", line 515, in _resolve_name
    rval = d[token]
           ~^^^^^^^
  File "/home/qss/Documents/common/RTLS_1/backend/venv/lib/python3.12/site-packages/sqlalchemy/util/_collections.py", line 346, in __missing__
    self[key] = val = self.creator(key)
                      ^^^^^^^^^^^^^^^^^
  File "/home/qss/Documents/common/RTLS_1/backend/venv/lib/python3.12/site-packages/sqlalchemy/orm/clsregistry.py", line 483, in _access_cls
    return self.fallback[key]
           ~~~~~~~~~~~~~^^^^^
KeyError: 'Staff'

The above exception was the direct cause of the following exception:

Traceback (most recent call last):
  File "/home/qss/Documents/common/RTLS_1/backend/app/services/missing_person_detector.py", line 44, in run
    await self._check_missing_persons(db)
  File "/home/qss/Documents/common/RTLS_1/backend/app/services/missing_person_detector.py", line 61, in _check_missing_persons
    active_tags = db.query(Tag).filter(Tag.status == TagStatus.active).all()
                  ^^^^^^^^^^^^^
  File "/home/qss/Documents/common/RTLS_1/backend/venv/lib/python3.12/site-packages/sqlalchemy/orm/session.py", line 2912, in query
    return self._query_cls(entities, self, **kwargs)
           ^^^^^^^^^^^^^^^^^^^^^^^^^^^^^^^^^^^^^^^^^
  File "/home/qss/Documents/common/RTLS_1/backend/venv/lib/python3.12/site-packages/sqlalchemy/orm/query.py", line 276, in __init__
    self._set_entities(entities)
  File "/home/qss/Documents/common/RTLS_1/backend/venv/lib/python3.12/site-packages/sqlalchemy/orm/query.py", line 289, in _set_entities
    coercions.expect(
  File "/home/qss/Documents/common/RTLS_1/backend/venv/lib/python3.12/site-packages/sqlalchemy/sql/coercions.py", line 406, in expect
    insp._post_inspect
  File "/home/qss/Documents/common/RTLS_1/backend/venv/lib/python3.12/site-packages/sqlalchemy/util/langhelpers.py", line 1260, in __get__
    obj.__dict__[self.__name__] = result = self.fget(obj)
                                           ^^^^^^^^^^^^^^
  File "/home/qss/Documents/common/RTLS_1/backend/venv/lib/python3.12/site-packages/sqlalchemy/orm/mapper.py", line 2707, in _post_inspect
    self._check_configure()
  File "/home/qss/Documents/common/RTLS_1/backend/venv/lib/python3.12/site-packages/sqlalchemy/orm/mapper.py", line 2386, in _check_configure
    _configure_registries({self.registry}, cascade=True)
  File "/home/qss/Documents/common/RTLS_1/backend/venv/lib/python3.12/site-packages/sqlalchemy/orm/mapper.py", line 4199, in _configure_registries
    _do_configure_registries(registries, cascade)
  File "/home/qss/Documents/common/RTLS_1/backend/venv/lib/python3.12/site-packages/sqlalchemy/orm/mapper.py", line 4240, in _do_configure_registries
    mapper._post_configure_properties()
  File "/home/qss/Documents/common/RTLS_1/backend/venv/lib/python3.12/site-packages/sqlalchemy/orm/mapper.py", line 2403, in _post_configure_properties
    prop.init()
  File "/home/qss/Documents/common/RTLS_1/backend/venv/lib/python3.12/site-packages/sqlalchemy/orm/interfaces.py", line 579, in init
    self.do_init()
  File "/home/qss/Documents/common/RTLS_1/backend/venv/lib/python3.12/site-packages/sqlalchemy/orm/relationships.py", line 1638, in do_init
    self._setup_entity()
  File "/home/qss/Documents/common/RTLS_1/backend/venv/lib/python3.12/site-packages/sqlalchemy/orm/relationships.py", line 1852, in _setup_entity
    self._clsregistry_resolve_name(argument)(),
    ^^^^^^^^^^^^^^^^^^^^^^^^^^^^^^^^^^^^^^^^^^
  File "/home/qss/Documents/common/RTLS_1/backend/venv/lib/python3.12/site-packages/sqlalchemy/orm/clsregistry.py", line 519, in _resolve_name
    self._raise_for_name(name, err)
  File "/home/qss/Documents/common/RTLS_1/backend/venv/lib/python3.12/site-packages/sqlalchemy/orm/clsregistry.py", line 500, in _raise_for_name
    raise exc.InvalidRequestError(
sqlalchemy.exc.InvalidRequestError: When initializing mapper Mapper[Organization(organizations)], expression 'Staff' failed to locate a name ('Staff'). If this is a class name, consider adding this relationship() to the <class 'app.models.organization.Organization'> class after both dependent classes have been defined.
2025-12-22 12:55:41,203 - app.services.missing_person_detector - ERROR - Error in missing person detection: One or more mappers failed to initialize - can't proceed with initialization of other mappers. Triggering mapper: 'Mapper[Organization(organizations)]'. Original exception was: When initializing mapper Mapper[Organization(organizations)], expression 'Staff' failed to locate a name ('Staff'). If this is a class name, consider adding this relationship() to the <class 'app.models.organization.Organization'> class after both dependent classes have been defined.
Traceback (most recent call last):
  File "/home/qss/Documents/common/RTLS_1/backend/app/services/missing_person_detector.py", line 44, in run
    await self._check_missing_persons(db)
  File "/home/qss/Documents/common/RTLS_1/backend/app/services/missing_person_detector.py", line 61, in _check_missing_persons
    active_tags = db.query(Tag).filter(Tag.status == TagStatus.active).all()
                  ^^^^^^^^^^^^^
  File "/home/qss/Documents/common/RTLS_1/backend/venv/lib/python3.12/site-packages/sqlalchemy/orm/session.py", line 2912, in query
    return self._query_cls(entities, self, **kwargs)
           ^^^^^^^^^^^^^^^^^^^^^^^^^^^^^^^^^^^^^^^^^
  File "/home/qss/Documents/common/RTLS_1/backend/venv/lib/python3.12/site-packages/sqlalchemy/orm/query.py", line 276, in __init__
    self._set_entities(entities)
  File "/home/qss/Documents/common/RTLS_1/backend/venv/lib/python3.12/site-packages/sqlalchemy/orm/query.py", line 289, in _set_entities
    coercions.expect(
  File "/home/qss/Documents/common/RTLS_1/backend/venv/lib/python3.12/site-packages/sqlalchemy/sql/coercions.py", line 406, in expect
    insp._post_inspect
  File "/home/qss/Documents/common/RTLS_1/backend/venv/lib/python3.12/site-packages/sqlalchemy/util/langhelpers.py", line 1260, in __get__
    obj.__dict__[self.__name__] = result = self.fget(obj)
                                           ^^^^^^^^^^^^^^
  File "/home/qss/Documents/common/RTLS_1/backend/venv/lib/python3.12/site-packages/sqlalchemy/orm/mapper.py", line 2707, in _post_inspect
    self._check_configure()
  File "/home/qss/Documents/common/RTLS_1/backend/venv/lib/python3.12/site-packages/sqlalchemy/orm/mapper.py", line 2386, in _check_configure
    _configure_registries({self.registry}, cascade=True)
  File "/home/qss/Documents/common/RTLS_1/backend/venv/lib/python3.12/site-packages/sqlalchemy/orm/mapper.py", line 4199, in _configure_registries
    _do_configure_registries(registries, cascade)
  File "/home/qss/Documents/common/RTLS_1/backend/venv/lib/python3.12/site-packages/sqlalchemy/orm/mapper.py", line 4236, in _do_configure_registries
    raise e
sqlalchemy.exc.InvalidRequestError: One or more mappers failed to initialize - can't proceed with initialization of other mappers. Triggering mapper: 'Mapper[Organization(organizations)]'. Original exception was: When initializing mapper Mapper[Organization(organizations)], expression 'Staff' failed to locate a name ('Staff'). If this is a class name, consider adding this relationship() to the <class 'app.models.organization.Organization'> class after both dependent classes have been defined.
2025-12-22 12:55:48,231 - app.main - INFO - Shutting down RTLS Backend...
2025-12-22 12:55:48,232 - app.main - INFO - Shutdown complete
2025-12-22 13:03:33,731 - app.main - INFO - Starting RTLS Backend...
2025-12-22 13:03:33,758 - app.main - INFO - Database tables verified
2025-12-22 13:03:33,758 - app.main - INFO - Background tasks started
2025-12-22 13:03:33,758 - app.services.missing_person_detector - INFO - Missing person detector started (threshold: 300s, interval: 30s)
2025-12-22 13:09:32,089 - app.main - INFO - Starting RTLS Backend...
2025-12-22 13:09:32,110 - app.main - INFO - Database tables verified
2025-12-22 13:09:32,111 - app.main - INFO - Background tasks started
2025-12-22 13:09:32,111 - app.services.missing_person_detector - INFO - Missing person detector started (threshold: 300s, interval: 30s)
2025-12-22 13:18:59,083 - app.main - INFO - Starting RTLS Backend...
2025-12-22 13:18:59,133 - app.main - INFO - Database tables verified
2025-12-22 13:18:59,133 - app.main - INFO - Background tasks started
2025-12-22 13:18:59,133 - app.services.missing_person_detector - INFO - Missing person detector started (threshold: 300s, interval: 30s)
2025-12-22 13:23:36,459 - app.main - INFO - Shutting down RTLS Backend...
2025-12-22 13:23:36,460 - app.main - INFO - Shutdown complete
2025-12-22 13:23:42,152 - app.main - INFO - Starting RTLS Backend...
2025-12-22 13:23:42,175 - app.main - INFO - Database tables verified
2025-12-22 13:23:42,175 - app.main - INFO - Background tasks started
2025-12-22 13:23:42,175 - app.services.missing_person_detector - INFO - Missing person detector started (threshold: 300s, interval: 30s)
2025-12-22 13:30:05,542 - app.main - INFO - Shutting down RTLS Backend...
2025-12-22 13:30:05,545 - app.main - INFO - Shutdown complete
2025-12-22 13:30:07,205 - app.main - INFO - Starting RTLS Backend...
2025-12-22 13:30:07,245 - app.main - INFO - Database tables verified
2025-12-22 13:30:07,245 - app.main - INFO - Background tasks started
2025-12-22 13:30:07,245 - app.services.missing_person_detector - INFO - Missing person detector started (threshold: 300s, interval: 30s)
2025-12-22 13:30:50,500 - app.main - INFO - Shutting down RTLS Backend...
2025-12-22 13:30:50,501 - app.main - INFO - Shutdown complete
2025-12-22 13:30:53,226 - app.main - INFO - Starting RTLS Backend...
2025-12-22 13:30:53,250 - app.main - INFO - Database tables verified
2025-12-22 13:30:53,250 - app.main - INFO - Background tasks started
2025-12-22 13:30:53,250 - app.services.missing_person_detector - INFO - Missing person detector started (threshold: 300s, interval: 30s)
2025-12-22 14:01:03,910 - app.main - INFO - Starting RTLS Backend...
2025-12-22 14:01:03,934 - app.main - INFO - Database tables verified
2025-12-22 14:01:03,934 - app.main - INFO - Background tasks started
2025-12-22 14:01:03,935 - app.services.missing_person_detector - INFO - Missing person detector started (threshold: 300s, interval: 30s)
2025-12-22 14:05:42,989 - app.main - INFO - Shutting down RTLS Backend...
2025-12-22 14:05:42,990 - app.main - INFO - Shutdown complete
2025-12-22 14:07:06,887 - app.main - INFO - Starting RTLS Backend...
2025-12-22 14:07:06,909 - app.main - INFO - Database tables verified
2025-12-22 14:07:06,910 - app.main - INFO - Background tasks started
2025-12-22 14:07:06,910 - app.services.missing_person_detector - INFO - Missing person detector started (threshold: 300s, interval: 30s)
2025-12-22 14:09:16,446 - app.main - INFO - Shutting down RTLS Backend...
2025-12-22 14:09:16,448 - app.main - INFO - Shutdown complete
2025-12-22 14:09:20,727 - app.main - INFO - Starting RTLS Backend...
2025-12-22 14:09:20,750 - app.main - INFO - Database tables verified
2025-12-22 14:09:20,751 - app.main - INFO - Background tasks started
2025-12-22 14:09:20,751 - app.services.missing_person_detector - INFO - Missing person detector started (threshold: 300s, interval: 30s)
2025-12-22 14:23:17,008 - passlib.handlers.bcrypt - WARNING - (trapped) error reading bcrypt version
Traceback (most recent call last):
  File "/home/qss/Documents/common/RTLS_1/backend/venv/lib/python3.12/site-packages/passlib/handlers/bcrypt.py", line 620, in _load_backend_mixin
    version = _bcrypt.__about__.__version__
              ^^^^^^^^^^^^^^^^^
AttributeError: module 'bcrypt' has no attribute '__about__'
2025-12-22 14:24:33,714 - app.main - INFO - Shutting down RTLS Backend...
2025-12-22 14:24:33,722 - app.main - INFO - Shutdown complete
2025-12-22 14:24:45,469 - app.main - INFO - Starting RTLS Backend...
2025-12-22 14:24:45,498 - app.main - INFO - Database tables verified
2025-12-22 14:24:45,498 - app.main - INFO - Background tasks started
2025-12-22 14:24:45,498 - app.services.missing_person_detector - INFO - Missing person detector started (threshold: 300s, interval: 30s)
2025-12-22 14:25:26,170 - passlib.handlers.bcrypt - WARNING - (trapped) error reading bcrypt version
Traceback (most recent call last):
  File "/home/qss/Documents/common/RTLS_1/backend/venv/lib/python3.12/site-packages/passlib/handlers/bcrypt.py", line 620, in _load_backend_mixin
    version = _bcrypt.__about__.__version__
              ^^^^^^^^^^^^^^^^^
AttributeError: module 'bcrypt' has no attribute '__about__'
2025-12-22 14:26:17,261 - passlib.handlers.bcrypt - WARNING - (trapped) error reading bcrypt version
Traceback (most recent call last):
  File "/home/qss/Documents/common/RTLS_1/backend/venv/lib/python3.12/site-packages/passlib/handlers/bcrypt.py", line 620, in _load_backend_mixin
    version = _bcrypt.__about__.__version__
              ^^^^^^^^^^^^^^^^^
AttributeError: module 'bcrypt' has no attribute '__about__'
2025-12-22 14:28:38,467 - app.main - INFO - Shutting down RTLS Backend...
2025-12-22 14:28:38,468 - app.main - INFO - Shutdown complete
2025-12-22 14:28:39,619 - app.main - INFO - Starting RTLS Backend...
2025-12-22 14:28:39,642 - app.main - INFO - Database tables verified
2025-12-22 14:28:39,642 - app.main - INFO - Background tasks started
2025-12-22 14:28:39,642 - app.services.missing_person_detector - INFO - Missing person detector started (threshold: 300s, interval: 30s)
2025-12-22 14:31:55,484 - app.main - INFO - Shutting down RTLS Backend...
2025-12-22 14:31:55,484 - app.main - INFO - Shutdown complete
2025-12-22 14:31:57,507 - app.main - INFO - Starting RTLS Backend...
2025-12-22 14:31:57,536 - app.main - INFO - Database tables verified
2025-12-22 14:31:57,536 - app.main - INFO - Background tasks started
2025-12-22 14:31:57,536 - app.services.missing_person_detector - INFO - Missing person detector started (threshold: 300s, interval: 30s)
2025-12-22 14:35:18,867 - app.main - INFO - Shutting down RTLS Backend...
2025-12-22 14:35:18,868 - app.main - INFO - Shutdown complete
2025-12-22 14:35:28,387 - app.main - INFO - Starting RTLS Backend...
2025-12-22 14:35:28,409 - app.main - INFO - Database tables verified
2025-12-22 14:35:28,409 - app.main - INFO - Background tasks started
2025-12-22 14:35:28,409 - app.services.missing_person_detector - INFO - Missing person detector started (threshold: 300s, interval: 30s)
2025-12-22 14:39:19,692 - app.main - INFO - Shutting down RTLS Backend...
2025-12-22 14:39:19,694 - app.main - INFO - Shutdown complete
2025-12-22 14:39:20,893 - app.main - INFO - Starting RTLS Backend...
2025-12-22 14:39:20,915 - app.main - INFO - Database tables verified
2025-12-22 14:39:20,916 - app.main - INFO - Background tasks started
2025-12-22 14:39:20,916 - app.services.missing_person_detector - INFO - Missing person detector started (threshold: 300s, interval: 30s)
2025-12-22 14:40:00,071 - app.main - INFO - Starting RTLS Backend...
2025-12-22 14:40:00,090 - app.main - INFO - Database tables verified
2025-12-22 14:40:00,091 - app.main - INFO - Background tasks started
2025-12-22 14:40:00,091 - app.services.missing_person_detector - INFO - Missing person detector started (threshold: 300s, interval: 30s)
2025-12-22 14:40:00,121 - app.main - INFO - Shutting down RTLS Backend...
2025-12-22 14:40:00,121 - app.main - INFO - Shutdown complete
2025-12-22 14:40:14,165 - app.main - INFO - Starting RTLS Backend...
2025-12-22 14:40:14,193 - app.main - INFO - Database tables verified
2025-12-22 14:40:14,193 - app.main - INFO - Background tasks started
2025-12-22 14:40:14,193 - app.services.missing_person_detector - INFO - Missing person detector started (threshold: 300s, interval: 30s)
2025-12-22 14:43:30,790 - app.main - INFO - Shutting down RTLS Backend...
2025-12-22 14:43:30,799 - app.main - INFO - Shutdown complete
2025-12-22 14:43:32,199 - app.main - INFO - Starting RTLS Backend...
2025-12-22 14:43:32,231 - app.main - INFO - Database tables verified
2025-12-22 14:43:32,231 - app.main - INFO - Background tasks started
2025-12-22 14:43:32,232 - app.services.missing_person_detector - INFO - Missing person detector started (threshold: 300s, interval: 30s)
2025-12-22 14:46:16,037 - app.main - INFO - Starting RTLS Backend...
2025-12-22 14:46:16,058 - app.main - INFO - Database tables verified
2025-12-22 14:46:16,058 - app.main - INFO - Background tasks started
2025-12-22 14:46:16,058 - app.services.missing_person_detector - INFO - Missing person detector started (threshold: 300s, interval: 30s)
2025-12-22 15:04:46,054 - app.services.room_cache - INFO - Room cache invalidated for: Meeting Room
2025-12-22 15:04:59,090 - app.services.room_cache - INFO - Room cache invalidated for: HR Room
2025-12-22 15:06:35,593 - app.api.settings - WARNING - Failed to update Python service threshold: <!doctype html>
<html lang=en>
<title>404 Not Found</title>
<h1>Not Found</h1>
<p>The requested URL was not found on the server. If you entered the URL manually please check your spelling and try again.</p>

2025-12-22 15:20:56,054 - app.main - INFO - Shutting down RTLS Backend...
2025-12-22 15:20:56,055 - app.main - INFO - Shutdown complete
2025-12-22 15:20:58,528 - app.main - INFO - Starting RTLS Backend...
2025-12-22 15:20:58,566 - app.main - INFO - Database tables verified
2025-12-22 15:20:58,566 - app.main - INFO - Background tasks started
2025-12-22 15:20:58,566 - app.services.missing_person_detector - INFO - Missing person detector started (threshold: 300s, interval: 30s)
2025-12-22 15:21:00,108 - app.main - INFO - Shutting down RTLS Backend...
2025-12-22 15:21:00,109 - app.main - INFO - Shutdown complete
2025-12-22 15:21:01,761 - app.main - INFO - Starting RTLS Backend...
2025-12-22 15:21:01,792 - app.main - INFO - Database tables verified
2025-12-22 15:21:01,792 - app.main - INFO - Background tasks started
2025-12-22 15:21:01,793 - app.services.missing_person_detector - INFO - Missing person detector started (threshold: 300s, interval: 30s)
2025-12-22 15:21:07,964 - app.main - INFO - Shutting down RTLS Backend...
2025-12-22 15:21:07,967 - app.main - INFO - Shutdown complete
2025-12-22 15:21:09,789 - app.main - INFO - Starting RTLS Backend...
2025-12-22 15:21:09,810 - app.main - INFO - Database tables verified
2025-12-22 15:21:09,810 - app.main - INFO - Background tasks started
2025-12-22 15:21:09,810 - app.services.missing_person_detector - INFO - Missing person detector started (threshold: 300s, interval: 30s)
2025-12-22 15:21:10,242 - app.main - INFO - Shutting down RTLS Backend...
2025-12-22 15:21:10,243 - app.main - INFO - Shutdown complete
2025-12-22 15:21:11,901 - app.main - INFO - Starting RTLS Backend...
2025-12-22 15:21:11,925 - app.main - INFO - Database tables verified
2025-12-22 15:21:11,925 - app.main - INFO - Background tasks started
2025-12-22 15:21:11,925 - app.services.missing_person_detector - INFO - Missing person detector started (threshold: 300s, interval: 30s)
2025-12-22 15:21:12,559 - app.main - INFO - Shutting down RTLS Backend...
2025-12-22 15:21:12,563 - app.main - INFO - Shutdown complete
2025-12-22 15:21:14,327 - app.main - INFO - Starting RTLS Backend...
2025-12-22 15:21:14,348 - app.main - INFO - Database tables verified
2025-12-22 15:21:14,349 - app.main - INFO - Background tasks started
2025-12-22 15:21:14,349 - app.services.missing_person_detector - INFO - Missing person detector started (threshold: 300s, interval: 30s)
2025-12-22 15:21:17,586 - app.main - INFO - Shutting down RTLS Backend...
2025-12-22 15:21:17,588 - app.main - INFO - Shutdown complete
2025-12-22 15:21:19,121 - app.main - INFO - Starting RTLS Backend...
2025-12-22 15:21:19,141 - app.main - INFO - Database tables verified
2025-12-22 15:21:19,141 - app.main - INFO - Background tasks started
2025-12-22 15:21:19,141 - app.services.missing_person_detector - INFO - Missing person detector started (threshold: 300s, interval: 30s)
2025-12-22 15:33:05,763 - app.main - INFO - Shutting down RTLS Backend...
2025-12-22 15:33:05,765 - app.main - INFO - Shutdown complete
2025-12-22 15:33:07,231 - app.main - INFO - Starting RTLS Backend...
2025-12-22 15:33:07,254 - app.main - INFO - Database tables verified
2025-12-22 15:33:07,254 - app.main - INFO - Background tasks started
2025-12-22 15:33:07,254 - app.services.missing_person_detector - INFO - Missing person detector started (threshold: 300s, interval: 30s)
2025-12-22 15:33:18,021 - app.main - INFO - Shutting down RTLS Backend...
2025-12-22 15:33:18,022 - app.main - INFO - Shutdown complete
2025-12-22 15:33:19,713 - app.main - INFO - Starting RTLS Backend...
2025-12-22 15:33:19,733 - app.main - INFO - Database tables verified
2025-12-22 15:33:19,733 - app.main - INFO - Background tasks started
2025-12-22 15:33:19,733 - app.services.missing_person_detector - INFO - Missing person detector started (threshold: 300s, interval: 30s)
2025-12-22 15:41:46,416 - app.main - INFO - Starting RTLS Backend...
2025-12-22 15:41:46,447 - app.main - INFO - Database tables verified
2025-12-22 15:41:46,448 - app.main - INFO - Background tasks started
2025-12-22 15:41:46,448 - app.services.missing_person_detector - INFO - Missing person detector started (threshold: 300s, interval: 30s)
